<?xml version="1.0" encoding="UTF-8"?>
<!-- Generated by org.testng.reporters.JUnitReportReporter -->
<testsuite hostname="ASH-PC-01" name="com.crm.qa.testcases.LoginPageTest" tests="3" failures="0" timestamp="4 Dec 2020 17:36:45 GMT" time="36.702" errors="0">
  <testcase name="LoginPageTitleTest" time="8.924" classname="com.crm.qa.testcases.LoginPageTest"/>
  <testcase name="crmLogoTmageTest" time="11.701" classname="com.crm.qa.testcases.LoginPageTest"/>
  <testcase name="loginTest" time="16.077" classname="com.crm.qa.testcases.LoginPageTest"/>
</testsuite> <!-- com.crm.qa.testcases.LoginPageTest -->
